<?xml version="1.0" encoding="UTF-8"?>
<!-- Generated by org.testng.reporters.JUnitReportReporter -->
<testsuite skipped="0" hostname="Mohan" name="project.MainModule.MainModule" tests="2" failures="0" timestamp="29 Jan 2018 17:59:42 GMT" time="167.109" errors="0">
  <testcase name="ReadandWrite" time="166.964" classname="project.MainModule.MainModule"/>
  <testcase name="ValidationResults" time="0.145" classname="project.MainModule.MainModule"/>
</testsuite> <!-- project.MainModule.MainModule -->
