<?xml version="1.0" encoding="UTF-8"?>
<!-- Generated by org.testng.reporters.JUnitReportReporter -->
<testsuite skipped="0" hostname="Mohan" name="project.MainModule.MainModule" tests="2" failures="0" timestamp="18 Jan 2018 08:11:18 GMT" time="122.848" errors="0">
  <testcase name="ReadandWrite" time="122.576" classname="project.MainModule.MainModule"/>
  <testcase name="ValidationResults" time="0.272" classname="project.MainModule.MainModule"/>
</testsuite> <!-- project.MainModule.MainModule -->
