<?xml version="1.0" encoding="UTF-8"?>
<!-- Generated by org.testng.reporters.JUnitReportReporter -->
<testsuite hostname="Mohan" name="project.MainModule.MainModule" tests="2" failures="0" timestamp="29 Jan 2018 17:29:49 GMT" time="131.900" errors="0">
  <testcase name="ReadandWrite" time="131.702" classname="project.MainModule.MainModule"/>
  <testcase name="ValidationResults" time="0.198" classname="project.MainModule.MainModule"/>
</testsuite> <!-- project.MainModule.MainModule -->
